<html>
<head>
<title>TestNG:  Surefire test</title>
<link href="../testng.css" rel="stylesheet" type="text/css" />
<link href="../my-testng.css" rel="stylesheet" type="text/css" />

<style type="text/css">
.log { display: none;} 
.stack-trace { display: none;} 
</style>
<script type="text/javascript">
<!--
function flip(e) {
  current = e.style.display;
  if (current == 'block') {
    e.style.display = 'none';
    return 0;
  }
  else {
    e.style.display = 'block';
    return 1;
  }
}

function toggleBox(szDivId, elem, msg1, msg2)
{
  var res = -1;  if (document.getElementById) {
    res = flip(document.getElementById(szDivId));
  }
  else if (document.all) {
    // this is the way old msie versions work
    res = flip(document.all[szDivId]);
  }
  if(elem) {
    if(res == 0) elem.innerHTML = msg1; else elem.innerHTML = msg2;
  }

}

function toggleAllBoxes() {
  if (document.getElementsByTagName) {
    d = document.getElementsByTagName('div');
    for (i = 0; i < d.length; i++) {
      if (d[i].className == 'log') {
        flip(d[i]);
      }
    }
  }
}

// -->
</script>

</head>
<body>
<h2 align='center'>Surefire test</h2><table border='1' align="center">
<tr>
<td>Tests passed/Failed/Skipped:</td><td>19/3/0</td>
</tr><tr>
<td>Started on:</td><td>Sat Aug 06 07:14:57 AST 2022</td>
</tr>
<tr><td>Total time:</td><td>129 seconds (129368 ms)</td>
</tr><tr>
<td>Included groups:</td><td></td>
</tr><tr>
<td>Excluded groups:</td><td></td>
</tr>
</table><p/>
<small><i>(Hover the method name to see the test class name)</i></small><p/>
<table width='100%' border='1' class='invocation-failed'>
<tr><td colspan='4' align='center'><b>FAILED TESTS</b></td></tr>
<tr><td><b>Test method</b></td>
<td><b>Attribute(s)</b></td>
<td width="30%"><b>Exception</b></td>
<td width="10%"><b>Time (seconds)</b></td>
<td><b>Instance</b></td>
</tr>
<tr>
<td title='org.example.TestRunner.Runners.runScenario()'><b>runScenario</b><br>Test class: org.example.TestRunner.Runners<br>Test method: Runs Cucumber Scenarios<br>Parameters: "user could navigate through first banner on the slider to specific location", "user navigates through home slider"</td>
<td><div><pre>java.lang.AssertionError: The following asserts failed:
	first banner URL is wrong! expected [https://demo.nopcommerce.com/nokia-lumia-1020] but found [https://demo.nopcommerce.com/]
	at org.example.stepDefinitions.SD08_HomeSlider.firstBannerNavigation(SD08_HomeSlider.java:31)
	at ✽.user is directed to nokia page(file:///C:/Users/asmaa/IdeaProjects/NOP_EcommerceDemo/src/main/resources/features/F08_Slider.feature:6)
... Removed 2 stack frames</pre></div><a href='#' onClick='toggleBox("stack-trace359713488", this, "Click to show all stack frames", "Click to hide stack frames")'>Click to show all stack frames</a>
<div class='stack-trace' id='stack-trace359713488'><pre>java.lang.AssertionError: The following asserts failed:
	first banner URL is wrong! expected [https://demo.nopcommerce.com/nokia-lumia-1020] but found [https://demo.nopcommerce.com/]
	at org.testng.asserts.SoftAssert.assertAll(SoftAssert.java:46)
	at org.testng.asserts.SoftAssert.assertAll(SoftAssert.java:30)
	at org.example.stepDefinitions.SD08_HomeSlider.firstBannerNavigation(SD08_HomeSlider.java:31)
	at ✽.user is directed to nokia page(file:///C:/Users/asmaa/IdeaProjects/NOP_EcommerceDemo/src/main/resources/features/F08_Slider.feature:6)
</pre></div></td>
<td>4</td>
<td>org.example.TestRunner.Runners@38c5cc4c</td></tr>
<tr>
<td title='org.example.TestRunner.Runners.runScenario()'><b>runScenario</b><br>Test class: org.example.TestRunner.Runners<br>Test method: Runs Cucumber Scenarios<br>Parameters: "user could follow on ssr", "user could follow NOP E-commerce on multiple media sites"</td>
<td><div><pre>org.openqa.selenium.TimeoutException: Expected condition failed: waiting for number of open windows to be 2 (tried for 5 second(s) with 500 milliseconds interval)
Build info: version: &apos;4.3.0&apos;, revision: &apos;a4995e2c09*&apos;
System info: host: &apos;ASMAA&apos;, ip: &apos;192.168.1.3&apos;, os.name: &apos;Windows 11&apos;, os.arch: &apos;amd64&apos;, os.version: &apos;10.0&apos;, java.version: &apos;18.0.1.1&apos;
Driver info: org.openqa.selenium.chrome.ChromeDriver
Capabilities {acceptInsecureCerts: false, browserName: chrome, browserVersion: 104.0.5112.80, chrome: {chromedriverVersion: 103.0.5060.134 (8ec6fce403b..., userDataDir: C:\Users\asmaa\AppData\Loca...}, goog:chromeOptions: {debuggerAddress: localhost:8283}, networkConnectionEnabled: false, pageLoadStrategy: normal, platformName: WINDOWS, proxy: Proxy(), se:cdp: ws://localhost:8283/devtool..., se:cdpVersion: 104.0.5112.80, setWindowRect: true, strictFileInteractability: false, timeouts: {implicit: 0, pageLoad: 300000, script: 30000}, unhandledPromptBehavior: dismiss and notify, webauthn:extension:credBlob: true, webauthn:extension:largeBlob: true, webauthn:virtualAuthenticators: true}
Session ID: bc369977c118f53544308d202927dd17
	at org.openqa.selenium.support.ui.WebDriverWait.timeoutException(WebDriverWait.java:87)
	at org.openqa.selenium.support.ui.FluentWait.until(FluentWait.java:231)
	at org.example.stepDefinitions.SD09_FollowUs.goToRSS(SD09_FollowUs.java:68)
	at ✽.user is directed to rss &quot;https://demo.nopcommerce.com/new-online-store-is-open&quot;(file:///C:/Users/asmaa/IdeaProjects/NOP_EcommerceDemo/src/main/resources/features/F09_FollowUs.feature:14)
</pre></div><a href='#' onClick='toggleBox("stack-trace760125918", this, "Click to show all stack frames", "Click to hide stack frames")'>Click to show all stack frames</a>
<div class='stack-trace' id='stack-trace760125918'><pre>org.openqa.selenium.TimeoutException: Expected condition failed: waiting for number of open windows to be 2 (tried for 5 second(s) with 500 milliseconds interval)
Build info: version: &apos;4.3.0&apos;, revision: &apos;a4995e2c09*&apos;
System info: host: &apos;ASMAA&apos;, ip: &apos;192.168.1.3&apos;, os.name: &apos;Windows 11&apos;, os.arch: &apos;amd64&apos;, os.version: &apos;10.0&apos;, java.version: &apos;18.0.1.1&apos;
Driver info: org.openqa.selenium.chrome.ChromeDriver
Capabilities {acceptInsecureCerts: false, browserName: chrome, browserVersion: 104.0.5112.80, chrome: {chromedriverVersion: 103.0.5060.134 (8ec6fce403b..., userDataDir: C:\Users\asmaa\AppData\Loca...}, goog:chromeOptions: {debuggerAddress: localhost:8283}, networkConnectionEnabled: false, pageLoadStrategy: normal, platformName: WINDOWS, proxy: Proxy(), se:cdp: ws://localhost:8283/devtool..., se:cdpVersion: 104.0.5112.80, setWindowRect: true, strictFileInteractability: false, timeouts: {implicit: 0, pageLoad: 300000, script: 30000}, unhandledPromptBehavior: dismiss and notify, webauthn:extension:credBlob: true, webauthn:extension:largeBlob: true, webauthn:virtualAuthenticators: true}
Session ID: bc369977c118f53544308d202927dd17
	at org.openqa.selenium.support.ui.WebDriverWait.timeoutException(WebDriverWait.java:87)
	at org.openqa.selenium.support.ui.FluentWait.until(FluentWait.java:231)
	at org.example.stepDefinitions.SD09_FollowUs.goToRSS(SD09_FollowUs.java:68)
	at ✽.user is directed to rss &quot;https://demo.nopcommerce.com/new-online-store-is-open&quot;(file:///C:/Users/asmaa/IdeaProjects/NOP_EcommerceDemo/src/main/resources/features/F09_FollowUs.feature:14)
</pre></div></td>
<td>9</td>
<td>org.example.TestRunner.Runners@38c5cc4c</td></tr>
<tr>
<td title='org.example.TestRunner.Runners.runScenario()'><b>runScenario</b><br>Test class: org.example.TestRunner.Runners<br>Test method: Runs Cucumber Scenarios<br>Parameters: "user could go to second banner and navigate through it", "user navigates through home slider"</td>
<td><div><pre>java.lang.AssertionError: The following asserts failed:
	second banner URL wrong!! expected [https://demo.nopcommerce.com/iphone-6] but found [https://demo.nopcommerce.com/]
	at org.example.stepDefinitions.SD08_HomeSlider.secondBannerNavigation(SD08_HomeSlider.java:57)
	at ✽.user is directed to iphone page(file:///C:/Users/asmaa/IdeaProjects/NOP_EcommerceDemo/src/main/resources/features/F08_Slider.feature:11)
... Removed 2 stack frames</pre></div><a href='#' onClick='toggleBox("stack-trace1505424071", this, "Click to show all stack frames", "Click to hide stack frames")'>Click to show all stack frames</a>
<div class='stack-trace' id='stack-trace1505424071'><pre>java.lang.AssertionError: The following asserts failed:
	second banner URL wrong!! expected [https://demo.nopcommerce.com/iphone-6] but found [https://demo.nopcommerce.com/]
	at org.testng.asserts.SoftAssert.assertAll(SoftAssert.java:46)
	at org.testng.asserts.SoftAssert.assertAll(SoftAssert.java:30)
	at org.example.stepDefinitions.SD08_HomeSlider.secondBannerNavigation(SD08_HomeSlider.java:57)
	at ✽.user is directed to iphone page(file:///C:/Users/asmaa/IdeaProjects/NOP_EcommerceDemo/src/main/resources/features/F08_Slider.feature:11)
</pre></div></td>
<td>3</td>
<td>org.example.TestRunner.Runners@38c5cc4c</td></tr>
</table><p>
<table width='100%' border='1' class='invocation-passed'>
<tr><td colspan='4' align='center'><b>PASSED TESTS</b></td></tr>
<tr><td><b>Test method</b></td>
<td><b>Attribute(s)</b></td>
<td width="30%"><b>Exception</b></td>
<td width="10%"><b>Time (seconds)</b></td>
<td><b>Instance</b></td>
</tr>
<tr>
<td title='org.example.TestRunner.Runners.runScenario()'><b>runScenario</b><br>Test class: org.example.TestRunner.Runners<br>Test method: Runs Cucumber Scenarios<br>Parameters: "user forgets password", "registered user must be able to log in"</td>
<td></td>
<td>6</td>
<td>org.example.TestRunner.Runners@38c5cc4c</td></tr>
<tr>
<td title='org.example.TestRunner.Runners.runScenario()'><b>runScenario</b><br>Test class: org.example.TestRunner.Runners<br>Test method: Runs Cucumber Scenarios<br>Parameters: "user could follow on twitter", "user could follow NOP E-commerce on multiple media sites"</td>
<td></td>
<td>5</td>
<td>org.example.TestRunner.Runners@38c5cc4c</td></tr>
<tr>
<td title='org.example.TestRunner.Runners.runScenario()'><b>runScenario</b><br>Test class: org.example.TestRunner.Runners<br>Test method: Runs Cucumber Scenarios<br>Parameters: "user could add item to wishlist and check the wish list", "user could add an item to the wishlist"</td>
<td></td>
<td>5</td>
<td>org.example.TestRunner.Runners@38c5cc4c</td></tr>
<tr>
<td title='org.example.TestRunner.Runners.runScenario()'><b>runScenario</b><br>Test class: org.example.TestRunner.Runners<br>Test method: Runs Cucumber Scenarios<br>Parameters: "user hover on a main category and select a sub-category from it", "user should be able to select sub-category from the main categories"</td>
<td></td>
<td>5</td>
<td>org.example.TestRunner.Runners@38c5cc4c</td></tr>
<tr>
<td title='org.example.TestRunner.Runners.runScenario()'><b>runScenario</b><br>Test class: org.example.TestRunner.Runners<br>Test method: Runs Cucumber Scenarios<br>Parameters: "user filters shoes by color", "user should be able to filter products by color"</td>
<td></td>
<td>5</td>
<td>org.example.TestRunner.Runners@38c5cc4c</td></tr>
<tr>
<td title='org.example.TestRunner.Runners.runScenario()'><b>runScenario</b><br>Test class: org.example.TestRunner.Runners<br>Test method: Runs Cucumber Scenarios<br>Parameters: "user could search by name", "logged user should be able to search for products either by name or SKU"</td>
<td></td>
<td>4</td>
<td>org.example.TestRunner.Runners@38c5cc4c</td></tr>
<tr>
<td title='org.example.TestRunner.Runners.runScenario()'><b>runScenario</b><br>Test class: org.example.TestRunner.Runners<br>Test method: Runs Cucumber Scenarios<br>Parameters: "user could select any tag for a product", "user could select different tags"</td>
<td></td>
<td>8</td>
<td>org.example.TestRunner.Runners@38c5cc4c</td></tr>
<tr>
<td title='org.example.TestRunner.Runners.runScenario()'><b>runScenario</b><br>Test class: org.example.TestRunner.Runners<br>Test method: Runs Cucumber Scenarios<br>Parameters: "user log in with invalid account data", "registered user must be able to log in"</td>
<td></td>
<td>6</td>
<td>org.example.TestRunner.Runners@38c5cc4c</td></tr>
<tr>
<td title='org.example.TestRunner.Runners.runScenario()'><b>runScenario</b><br>Test class: org.example.TestRunner.Runners<br>Test method: Runs Cucumber Scenarios<br>Parameters: "user could search by SKU", "logged user should be able to search for products either by name or SKU"</td>
<td></td>
<td>6</td>
<td>org.example.TestRunner.Runners@38c5cc4c</td></tr>
<tr>
<td title='org.example.TestRunner.Runners.runScenario()'><b>runScenario</b><br>Test class: org.example.TestRunner.Runners<br>Test method: Runs Cucumber Scenarios<br>Parameters: "user could follow on facebook", "user could follow NOP E-commerce on multiple media sites"</td>
<td></td>
<td>5</td>
<td>org.example.TestRunner.Runners@38c5cc4c</td></tr>
<tr>
<td title='org.example.TestRunner.Runners.runScenario()'><b>runScenario</b><br>Test class: org.example.TestRunner.Runners<br>Test method: Runs Cucumber Scenarios<br>Parameters: "user could change currency from USD to Euro", "user could change currency"</td>
<td></td>
<td>4</td>
<td>org.example.TestRunner.Runners@38c5cc4c</td></tr>
<tr>
<td title='org.example.TestRunner.Runners.runScenario()'><b>runScenario</b><br>Test class: org.example.TestRunner.Runners<br>Test method: Runs Cucumber Scenarios<br>Parameters: "user could search by SKU", "logged user should be able to search for products either by name or SKU"</td>
<td></td>
<td>5</td>
<td>org.example.TestRunner.Runners@38c5cc4c</td></tr>
<tr>
<td title='org.example.TestRunner.Runners.runScenario()'><b>runScenario</b><br>Test class: org.example.TestRunner.Runners<br>Test method: Runs Cucumber Scenarios<br>Parameters: "user could search by SKU", "logged user should be able to search for products either by name or SKU"</td>
<td></td>
<td>6</td>
<td>org.example.TestRunner.Runners@38c5cc4c</td></tr>
<tr>
<td title='org.example.TestRunner.Runners.runScenario()'><b>runScenario</b><br>Test class: org.example.TestRunner.Runners<br>Test method: Runs Cucumber Scenarios<br>Parameters: "new visitors register with valid data", "user could register"</td>
<td></td>
<td>7</td>
<td>org.example.TestRunner.Runners@38c5cc4c</td></tr>
<tr>
<td title='org.example.TestRunner.Runners.runScenario()'><b>runScenario</b><br>Test class: org.example.TestRunner.Runners<br>Test method: Runs Cucumber Scenarios<br>Parameters: "user could add item to wishlist and see success message", "user could add an item to the wishlist"</td>
<td></td>
<td>4</td>
<td>org.example.TestRunner.Runners@38c5cc4c</td></tr>
<tr>
<td title='org.example.TestRunner.Runners.runScenario()'><b>runScenario</b><br>Test class: org.example.TestRunner.Runners<br>Test method: Runs Cucumber Scenarios<br>Parameters: "user logs in with registered email and password", "registered user must be able to log in"</td>
<td></td>
<td>6</td>
<td>org.example.TestRunner.Runners@38c5cc4c</td></tr>
<tr>
<td title='org.example.TestRunner.Runners.runScenario()'><b>runScenario</b><br>Test class: org.example.TestRunner.Runners<br>Test method: Runs Cucumber Scenarios<br>Parameters: "user could follow on youtube", "user could follow NOP E-commerce on multiple media sites"</td>
<td></td>
<td>6</td>
<td>org.example.TestRunner.Runners@38c5cc4c</td></tr>
<tr>
<td title='org.example.TestRunner.Runners.runScenario()'><b>runScenario</b><br>Test class: org.example.TestRunner.Runners<br>Test method: Runs Cucumber Scenarios<br>Parameters: "user could search by name", "logged user should be able to search for products either by name or SKU"</td>
<td></td>
<td>4</td>
<td>org.example.TestRunner.Runners@38c5cc4c</td></tr>
<tr>
<td title='org.example.TestRunner.Runners.runScenario()'><b>runScenario</b><br>Test class: org.example.TestRunner.Runners<br>Test method: Runs Cucumber Scenarios<br>Parameters: "user could search by name", "logged user should be able to search for products either by name or SKU"</td>
<td></td>
<td>5</td>
<td>org.example.TestRunner.Runners@38c5cc4c</td></tr>
</table><p>
</body>
</html>