<?xml version="1.0" encoding="UTF-8"?>
<!-- Generated by org.testng.reporters.JUnitReportReporter -->
<testsuite hostname="Asmaa" failures="2" tests="22" name="org.example.TestRunner.Runners" time="128.772" errors="1" timestamp="2022-08-06T07:17:06 AST" skipped="0">
  <testcase classname="org.example.TestRunner.Runners" name="runScenario" time="6.154"/>
  <system-out/>
  <testcase classname="org.example.TestRunner.Runners" name="runScenario" time="4.119">
    <failure message="The following asserts failed:
	first banner URL is wrong! expected [https://demo.nopcommerce.com/nokia-lumia-1020] but found [https://demo.nopcommerce.com/]" type="java.lang.AssertionError">
      <![CDATA[java.lang.AssertionError: The following asserts failed:
first banner URL is wrong! expected [https://demo.nopcommerce.com/nokia-lumia-1020] but found [https://demo.nopcommerce.com/]
at org.testng.asserts.SoftAssert.assertAll(SoftAssert.java:46)
at org.testng.asserts.SoftAssert.assertAll(SoftAssert.java:30)
at org.example.stepDefinitions.SD08_HomeSlider.firstBannerNavigation(SD08_HomeSlider.java:31)
at ✽.user is directed to nokia page(file:///C:/Users/asmaa/IdeaProjects/NOP_EcommerceDemo/src/main/resources/features/F08_Slider.feature:6)
]]>
    </failure>
  </testcase> <!-- runScenario -->
  <system-out/>
  <testcase classname="org.example.TestRunner.Runners" name="runScenario" time="5.496"/>
  <system-out/>
  <testcase classname="org.example.TestRunner.Runners" name="runScenario" time="5.715"/>
  <system-out/>
  <testcase classname="org.example.TestRunner.Runners" name="runScenario" time="5.401"/>
  <system-out/>
  <testcase classname="org.example.TestRunner.Runners" name="runScenario" time="5.261"/>
  <system-out/>
  <testcase classname="org.example.TestRunner.Runners" name="runScenario" time="4.872"/>
  <system-out/>
  <testcase classname="org.example.TestRunner.Runners" name="runScenario" time="8.719"/>
  <system-out/>
  <testcase classname="org.example.TestRunner.Runners" name="runScenario" time="6.259"/>
  <system-out/>
  <testcase classname="org.example.TestRunner.Runners" name="runScenario" time="6.788"/>
  <system-out/>
  <testcase classname="org.example.TestRunner.Runners" name="runScenario" time="5.224"/>
  <system-out/>
  <testcase classname="org.example.TestRunner.Runners" name="runScenario" time="9.188">
    <error message="Expected condition failed: waiting for number of open windows to be 2 (tried for 5 second(s) with 500 milliseconds interval)
Build info: version: &#039;4.3.0&#039;, revision: &#039;a4995e2c09*&#039;
System info: host: &#039;ASMAA&#039;, ip: &#039;192.168.1.3&#039;, os.name: &#039;Windows 11&#039;, os.arch: &#039;amd64&#039;, os.version: &#039;10.0&#039;, java.version: &#039;18.0.1.1&#039;
Driver info: org.openqa.selenium.chrome.ChromeDriver
Capabilities {acceptInsecureCerts: false, browserName: chrome, browserVersion: 104.0.5112.80, chrome: {chromedriverVersion: 103.0.5060.134 (8ec6fce403b..., userDataDir: C:\Users\asmaa\AppData\Loca...}, goog:chromeOptions: {debuggerAddress: localhost:8283}, networkConnectionEnabled: false, pageLoadStrategy: normal, platformName: WINDOWS, proxy: Proxy(), se:cdp: ws://localhost:8283/devtool..., se:cdpVersion: 104.0.5112.80, setWindowRect: true, strictFileInteractability: false, timeouts: {implicit: 0, pageLoad: 300000, script: 30000}, unhandledPromptBehavior: dismiss and notify, webauthn:extension:credBlob: true, webauthn:extension:largeBlob: true, webauthn:virtualAuthenticators: true}
Session ID: bc369977c118f53544308d202927dd17" type="org.openqa.selenium.TimeoutException">
      <![CDATA[org.openqa.selenium.TimeoutException: Expected condition failed: waiting for number of open windows to be 2 (tried for 5 second(s) with 500 milliseconds interval)
Build info: version: '4.3.0', revision: 'a4995e2c09*'
System info: host: 'ASMAA', ip: '192.168.1.3', os.name: 'Windows 11', os.arch: 'amd64', os.version: '10.0', java.version: '18.0.1.1'
Driver info: org.openqa.selenium.chrome.ChromeDriver
Capabilities {acceptInsecureCerts: false, browserName: chrome, browserVersion: 104.0.5112.80, chrome: {chromedriverVersion: 103.0.5060.134 (8ec6fce403b..., userDataDir: C:\Users\asmaa\AppData\Loca...}, goog:chromeOptions: {debuggerAddress: localhost:8283}, networkConnectionEnabled: false, pageLoadStrategy: normal, platformName: WINDOWS, proxy: Proxy(), se:cdp: ws://localhost:8283/devtool..., se:cdpVersion: 104.0.5112.80, setWindowRect: true, strictFileInteractability: false, timeouts: {implicit: 0, pageLoad: 300000, script: 30000}, unhandledPromptBehavior: dismiss and notify, webauthn:extension:credBlob: true, webauthn:extension:largeBlob: true, webauthn:virtualAuthenticators: true}
Session ID: bc369977c118f53544308d202927dd17
at org.openqa.selenium.support.ui.WebDriverWait.timeoutException(WebDriverWait.java:87)
at org.openqa.selenium.support.ui.FluentWait.until(FluentWait.java:231)
at org.example.stepDefinitions.SD09_FollowUs.goToRSS(SD09_FollowUs.java:68)
at ✽.user is directed to rss "https://demo.nopcommerce.com/new-online-store-is-open"(file:///C:/Users/asmaa/IdeaProjects/NOP_EcommerceDemo/src/main/resources/features/F09_FollowUs.feature:14)
]]>
    </error>
  </testcase> <!-- runScenario -->
  <system-out/>
  <testcase classname="org.example.TestRunner.Runners" name="runScenario" time="4.394"/>
  <system-out/>
  <testcase classname="org.example.TestRunner.Runners" name="runScenario" time="5.563"/>
  <system-out/>
  <testcase classname="org.example.TestRunner.Runners" name="runScenario" time="6.530"/>
  <system-out/>
  <testcase classname="org.example.TestRunner.Runners" name="runScenario" time="7.772"/>
  <system-out/>
  <testcase classname="org.example.TestRunner.Runners" name="runScenario" time="4.373"/>
  <system-out/>
  <testcase classname="org.example.TestRunner.Runners" name="runScenario" time="6.433"/>
  <system-out/>
  <testcase classname="org.example.TestRunner.Runners" name="runScenario" time="6.167"/>
  <system-out/>
  <testcase classname="org.example.TestRunner.Runners" name="runScenario" time="4.941"/>
  <system-out/>
  <testcase classname="org.example.TestRunner.Runners" name="runScenario" time="5.465"/>
  <system-out/>
  <testcase classname="org.example.TestRunner.Runners" name="runScenario" time="3.938">
    <failure message="The following asserts failed:
	second banner URL wrong!! expected [https://demo.nopcommerce.com/iphone-6] but found [https://demo.nopcommerce.com/]" type="java.lang.AssertionError">
      <![CDATA[java.lang.AssertionError: The following asserts failed:
second banner URL wrong!! expected [https://demo.nopcommerce.com/iphone-6] but found [https://demo.nopcommerce.com/]
at org.testng.asserts.SoftAssert.assertAll(SoftAssert.java:46)
at org.testng.asserts.SoftAssert.assertAll(SoftAssert.java:30)
at org.example.stepDefinitions.SD08_HomeSlider.secondBannerNavigation(SD08_HomeSlider.java:57)
at ✽.user is directed to iphone page(file:///C:/Users/asmaa/IdeaProjects/NOP_EcommerceDemo/src/main/resources/features/F08_Slider.feature:11)
]]>
    </failure>
  </testcase> <!-- runScenario -->
  <system-out/>
</testsuite> <!-- org.example.TestRunner.Runners -->
